<?xml version="1.0" encoding="UTF-8"?>
<testng-results ignored="0" total="4" passed="4" failed="0" skipped="0">
  <reporter-output>
  </reporter-output>
  <suite started-at="2024-11-08T08:23:07 IST" name="Default suite" finished-at="2024-11-08T08:23:42 IST" duration-ms="34834">
    <groups>
    </groups>
    <test started-at="2024-11-08T08:23:07 IST" name="Default test" finished-at="2024-11-08T08:23:42 IST" duration-ms="34834">
      <class name="testpkage.Testauto">
        <test-method is-config="true" signature="setUp()[pri:0, instance:testpkage.Testauto@53fe15ff]" started-at="2024-11-08T08:23:07 IST" name="setUp" finished-at="2024-11-08T08:23:10 IST" duration-ms="2430" status="PASS">
          <reporter-output>
          </reporter-output>
        </test-method> <!-- setUp -->
        <test-method signature="test()[pri:0, instance:testpkage.Testauto@53fe15ff]" started-at="2024-11-08T08:23:10 IST" name="test" finished-at="2024-11-08T08:23:11 IST" duration-ms="1571" status="PASS">
          <reporter-output>
          </reporter-output>
        </test-method> <!-- test -->
        <test-method signature="titleverification()[pri:0, instance:testpkage.Testauto@53fe15ff]" started-at="2024-11-08T08:23:12 IST" name="titleverification" finished-at="2024-11-08T08:23:12 IST" duration-ms="59" status="PASS">
          <reporter-output>
          </reporter-output>
        </test-method> <!-- titleverification -->
        <test-method signature="verifyloginwithcred()[pri:1, instance:testpkage.Testauto@53fe15ff]" started-at="2024-11-08T08:23:12 IST" name="verifyloginwithcred" finished-at="2024-11-08T08:23:34 IST" duration-ms="22826" status="PASS">
          <reporter-output>
          </reporter-output>
        </test-method> <!-- verifyloginwithcred -->
        <test-method signature="placeordermethod()[pri:2, instance:testpkage.Testauto@53fe15ff]" started-at="2024-11-08T08:23:34 IST" name="placeordermethod" finished-at="2024-11-08T08:23:42 IST" duration-ms="7840" status="PASS">
          <reporter-output>
          </reporter-output>
        </test-method> <!-- placeordermethod -->
      </class> <!-- testpkage.Testauto -->
    </test> <!-- Default test -->
  </suite> <!-- Default suite -->
</testng-results>
