<?xml version="1.0" encoding="UTF-8"?>
<!-- Generated by org.testng.reporters.JUnitXMLReporter -->
<testsuite ignored="0" hostname="DESKTOP-PTP6UKG" failures="0" tests="4" name="Default test" time="34.834" errors="0" timestamp="2024-11-08T08:23:42 IST">
  <testcase classname="basepakage.Baseauto" name="test" time="1.571"/>
  <testcase classname="testpkage.Testauto" name="titleverification" time="0.059"/>
  <testcase classname="testpkage.Testauto" name="verifyloginwithcred" time="22.826"/>
  <testcase classname="testpkage.Testauto" name="placeordermethod" time="7.84"/>
</testsuite> <!-- Default test -->
